kotlin version: 2.2.10
error message: The daemon has terminated unexpectedly on startup attempt #1 with exit code: 1. The daemon process output:
    1. #
    2. # There is insufficient memory for the Java Runtime Environment to continue.
    3. # Native memory allocation (malloc) failed to allocate 1048576 bytes for AllocateHeap
    4. # An error report file with more information is saved as:
    5. # C:\Users\ram\AppData\Local\kotlin\daemon\hs_err_pid12152.log
The daemon didn't produce the message "Kotlin compile daemon is ready" during startup.

error message: The daemon has terminated unexpectedly on startup attempt #2 with exit code: 1. The daemon process output:
    1. #
    2. # There is insufficient memory for the Java Runtime Environment to continue.
    3. # Native memory allocation (malloc) failed to allocate 1048576 bytes for AllocateHeap
    4. # An error report file with more information is saved as:
    5. # C:\Users\ram\AppData\Local\kotlin\daemon\hs_err_pid2200.log
Problems may have occurred during auto-selection of GC. The preferred GC is Parallel GC.
If the problems persist, try adding the JVM option to the Kotlin daemon JVM arguments: -XX:-UseParallelGC.
GC auto-selection logic is disabled temporary for the next daemon startup.
The daemon didn't produce the message "Kotlin compile daemon is ready" during startup.

error message: Daemon compilation failed: Connection to the Kotlin daemon has been unexpectedly lost. This might be caused by the daemon being killed by another process or the operating system, or by JVM crash.
org.jetbrains.kotlin.gradle.tasks.DaemonCrashedException: Connection to the Kotlin daemon has been unexpectedly lost. This might be caused by the daemon being killed by another process or the operating system, or by JVM crash.
	at org.jetbrains.kotlin.gradle.tasks.TasksUtilsKt.wrapCompilationExceptionIfNeeded(tasksUtils.kt:54)
	at org.jetbrains.kotlin.gradle.tasks.TasksUtilsKt.wrapAndRethrowCompilationException(tasksUtils.kt:65)
	at org.jetbrains.kotlin.compilerRunner.GradleKotlinCompilerWork.compileWithDaemon(GradleKotlinCompilerWork.kt:243)
	at org.jetbrains.kotlin.compilerRunner.GradleKotlinCompilerWork.compileWithDaemonOrFallbackImpl(GradleKotlinCompilerWork.kt:159)
	at org.jetbrains.kotlin.compilerRunner.GradleKotlinCompilerWork.run(GradleKotlinCompilerWork.kt:111)
	at org.jetbrains.kotlin.compilerRunner.GradleCompilerRunnerWithWorkers$GradleKotlinCompilerWorkAction.execute(GradleCompilerRunnerWithWorkers.kt:74)
	at org.gradle.workers.internal.DefaultWorkerServer.execute(DefaultWorkerServer.java:68)
	at org.gradle.workers.internal.NoIsolationWorkerFactory$1$1.create(NoIsolationWorkerFactory.java:64)
	at org.gradle.workers.internal.NoIsolationWorkerFactory$1$1.create(NoIsolationWorkerFactory.java:61)
	at org.gradle.internal.classloader.ClassLoaderUtils.executeInClassloader(ClassLoaderUtils.java:102)
	at org.gradle.workers.internal.NoIsolationWorkerFactory$1.lambda$execute$0(NoIsolationWorkerFactory.java:61)
	at org.gradle.workers.internal.AbstractWorker$1.call(AbstractWorker.java:44)
	at org.gradle.workers.internal.AbstractWorker$1.call(AbstractWorker.java:41)
	at org.gradle.internal.operations.DefaultBuildOperationRunner$CallableBuildOperationWorker.execute(DefaultBuildOperationRunner.java:210)
	at org.gradle.internal.operations.DefaultBuildOperationRunner$CallableBuildOperationWorker.execute(DefaultBuildOperationRunner.java:205)
	at org.gradle.internal.operations.DefaultBuildOperationRunner$2.execute(DefaultBuildOperationRunner.java:67)
	at org.gradle.internal.operations.DefaultBuildOperationRunner$2.execute(DefaultBuildOperationRunner.java:60)
	at org.gradle.internal.operations.DefaultBuildOperationRunner.execute(DefaultBuildOperationRunner.java:167)
	at org.gradle.internal.operations.DefaultBuildOperationRunner.execute(DefaultBuildOperationRunner.java:60)
	at org.gradle.internal.operations.DefaultBuildOperationRunner.call(DefaultBuildOperationRunner.java:54)
	at org.gradle.workers.internal.AbstractWorker.executeWrappedInBuildOperation(AbstractWorker.java:41)
	at org.gradle.workers.internal.NoIsolationWorkerFactory$1.execute(NoIsolationWorkerFactory.java:58)
	at org.gradle.workers.internal.DefaultWorkerExecutor.lambda$submitWork$0(DefaultWorkerExecutor.java:176)
	at java.base/java.util.concurrent.FutureTask.run(FutureTask.java:264)
	at org.gradle.internal.work.DefaultConditionalExecutionQueue$ExecutionRunner.runExecution(DefaultConditionalExecutionQueue.java:194)
	at org.gradle.internal.work.DefaultConditionalExecutionQueue$ExecutionRunner.access$700(DefaultConditionalExecutionQueue.java:127)
	at org.gradle.internal.work.DefaultConditionalExecutionQueue$ExecutionRunner$1.run(DefaultConditionalExecutionQueue.java:169)
	at org.gradle.internal.Factories$1.create(Factories.java:30)
	at org.gradle.internal.work.DefaultWorkerLeaseService.lambda$withLocksAcquired$0(DefaultWorkerLeaseService.java:275)
	at org.gradle.internal.work.ResourceLockStatistics$1.measure(ResourceLockStatistics.java:43)
	at org.gradle.internal.work.DefaultWorkerLeaseService.withLocksAcquired(DefaultWorkerLeaseService.java:273)
	at org.gradle.internal.work.DefaultWorkerLeaseService.withLocks(DefaultWorkerLeaseService.java:265)
	at org.gradle.internal.work.DefaultWorkerLeaseService.runAsWorkerThread(DefaultWorkerLeaseService.java:128)
	at org.gradle.internal.work.DefaultWorkerLeaseService.runAsWorkerThread(DefaultWorkerLeaseService.java:133)
	at org.gradle.internal.work.DefaultConditionalExecutionQueue$ExecutionRunner.runBatch(DefaultConditionalExecutionQueue.java:164)
	at org.gradle.internal.work.DefaultConditionalExecutionQueue$ExecutionRunner.run(DefaultConditionalExecutionQueue.java:133)
	at java.base/java.util.concurrent.Executors$RunnableAdapter.call(Executors.java:539)
	at java.base/java.util.concurrent.FutureTask.run(FutureTask.java:264)
	at org.gradle.internal.concurrent.ExecutorPolicy$CatchAndRecordFailures.onExecute(ExecutorPolicy.java:64)
	at org.gradle.internal.concurrent.AbstractManagedExecutor$1.run(AbstractManagedExecutor.java:47)
	at java.base/java.util.concurrent.ThreadPoolExecutor.runWorker(ThreadPoolExecutor.java:1136)
	at java.base/java.util.concurrent.ThreadPoolExecutor$Worker.run(ThreadPoolExecutor.java:635)
	at java.base/java.lang.Thread.run(Thread.java:833)
Caused by: java.rmi.UnmarshalException: Error unmarshaling return header; nested exception is: 
	java.net.SocketException: Connection reset
	at java.rmi/sun.rmi.transport.StreamRemoteCall.executeCall(StreamRemoteCall.java:255)
	at java.rmi/sun.rmi.server.UnicastRef.invoke(UnicastRef.java:166)
	at java.rmi/java.rmi.server.RemoteObjectInvocationHandler.invokeRemoteMethod(RemoteObjectInvocationHandler.java:215)
	at java.rmi/java.rmi.server.RemoteObjectInvocationHandler.invoke(RemoteObjectInvocationHandler.java:160)
	at jdk.proxy4/jdk.proxy4.$Proxy176.compile(Unknown Source)
	at org.jetbrains.kotlin.compilerRunner.GradleKotlinCompilerWork.incrementalCompilationWithDaemon(GradleKotlinCompilerWork.kt:328)
	at org.jetbrains.kotlin.compilerRunner.GradleKotlinCompilerWork.compileWithDaemon(GradleKotlinCompilerWork.kt:235)
	... 40 more
Caused by: java.net.SocketException: Connection reset
	at java.base/sun.nio.ch.NioSocketImpl.implRead(NioSocketImpl.java:320)
	at java.base/sun.nio.ch.NioSocketImpl.read(NioSocketImpl.java:347)
	at java.base/sun.nio.ch.NioSocketImpl$1.read(NioSocketImpl.java:800)
	at java.base/java.net.Socket$SocketInputStream.read(Socket.java:966)
	at java.base/java.io.BufferedInputStream.fill(BufferedInputStream.java:244)
	at java.base/java.io.BufferedInputStream.read(BufferedInputStream.java:263)
	at java.base/java.io.DataInputStream.readByte(DataInputStream.java:271)
	at java.rmi/sun.rmi.transport.StreamRemoteCall.executeCall(StreamRemoteCall.java:241)
	... 46 more


